
12:35:02.818 [info] Loading 150 CA(s) from :otp store

12:35:03.344 id=1 [debug] handled request client -> server initialize in 218ms

12:35:08.709 [debug] sent notification server -> client window/logMessage

12:35:08.710 [debug] handled notification client -> server textDocument/didOpen in 23ms

12:35:08.722 [debug] NextLS v0.23.4 has initialized!

12:35:08.722 [debug] sent notification server -> client window/logMessage

12:35:08.722 [debug] Log file located at /home/ongera/projects/pandex/config/.elixir-tools/next-ls.log

12:35:08.736 [debug] sent notification server -> client window/logMessage

12:35:08.736 [info] [extension] Credo initializing with options %NextLS.InitOpts.Extensions.Credo{enable: true, cli_options: []}

12:35:17.407 [debug] sent notification server -> client window/logMessage

12:35:17.407 [debug] Booting runtimes...

12:35:17.416 id=66 [debug] sent request server -> client window/workDoneProgress/create

12:35:17.440 [debug] sent notification server -> client $/progress

12:35:17.472 [debug] sent notification server -> client window/logMessage

12:35:17.472 [info] Beginning DB migration...

12:35:17.490 [debug] sent notification server -> client window/logMessage

12:35:17.490 [info] Database is on the latest version: 7

12:35:17.491 [debug] sent notification server -> client window/logMessage

12:35:17.491 [info] Finished DB migration...

12:35:17.491 [debug] sent notification server -> client window/logMessage

12:35:17.491 [info] Booting runtime for pandex.

- elixir: /home/ongera/.asdf/shims/elixir
- zombie wrapper script: /home/ongera/.local/share/.burrito/next_ls_erts-15.2_0.23.4/lib/next_ls-0.23.4/priv/cmd
- working_dir: /home/ongera/projects/pandex
- command: /home/ongera/.asdf/shims/elixir --no-halt --sname nextls-runtime-1777541717490965096 --cookie HHYKTHK2JHVUZI3HDBMAF64GPJFPN4AV4Y7CQDE27SSFQKZPVAFQ==== -S mix loadpaths --no-compile

Environment: 

LSP=nextls
NEXTLS_PARENT_PID=g1h3Im5leHQtbHMtMTc3NzU0MTcwMjg0NzM0MzcxOUBwYXJyb3QAAADnAAAAAGnzIkc=
MIX_ENV=dev
MIX_TARGET=host
MIX_BUILD_ROOT=.elixir-tools/_build
ROOTDIR=false
BINDIR=false
RELEASE_ROOT=false
RELEASE_SYS_CONFIG=false
PATH=/home/ongera/.asdf/shims:/home/ongera/.local/share/.burrito/next_ls_erts-15.2_0.23.4/bin:/home/ongera/.local/share/nvim/mason/bin:/home/ongera/.local/share/pnpm:/home/ongera/.asdf/shims:/home/ongera/Downloads/asdf-0.17.0/bin:/home/ongera/.local/bin:/snap/bin:/home/ongera/.local/bin:/snap/bin:/home/ongera/.local/bin:/snap/bin:/home/ongera/.local/bin:/snap/bin:/usr/local/sbin:/usr/sbin:/sbin:/usr/local/sbin:/usr/local/bin:/usr/sbin:/usr/bin:/snap/bin


12:35:17.493 [debug] handled notification client -> server initialized in 8807ms

12:35:18.538 [debug] sent notification server -> client window/logMessage

12:35:18.538 [info] Connected to node nextls-runtime-1777541717490965096@parrot

12:35:20.114 [debug] sent notification server -> client window/logMessage

12:35:20.114 [debug] Unchecked dependencies for environment dev:
* stream_data (Hex package)
  the dependency is not available, run "mix deps.get"


12:35:20.115 [debug] sent notification server -> client $/progress

12:35:20.119 [debug] sent notification server -> client window/logMessage

12:35:20.119 [error] Runtime for folder pandex failed to initialize

12:35:20.121 [debug] sent notification server -> client window/logMessage

12:35:20.121 [error] The runtime for pandex has crashed with reason: {:shutdown, :unchecked_dependencies}

12:35:20.122 [debug] sent notification server -> client window/logMessage

12:35:20.122 [info] Booting runtime for pandex.

- elixir: /home/ongera/.asdf/shims/elixir
- zombie wrapper script: /home/ongera/.local/share/.burrito/next_ls_erts-15.2_0.23.4/lib/next_ls-0.23.4/priv/cmd
- working_dir: /home/ongera/projects/pandex
- command: /home/ongera/.asdf/shims/elixir --no-halt --sname nextls-runtime-1777541720118896619 --cookie HHYKTHK2JHVUZI3HDBMAF64GPJFPN4AV4Y7CQDE27SSFQKZPVAFQ==== -S mix loadpaths --no-compile

Environment: 

LSP=nextls
NEXTLS_PARENT_PID=g1h3Im5leHQtbHMtMTc3NzU0MTcwMjg0NzM0MzcxOUBwYXJyb3QAAADnAAAAAGnzIkc=
MIX_ENV=dev
MIX_TARGET=host
MIX_BUILD_ROOT=.elixir-tools/_build
ROOTDIR=false
BINDIR=false
RELEASE_ROOT=false
RELEASE_SYS_CONFIG=false
PATH=/home/ongera/.asdf/shims:/home/ongera/.local/share/.burrito/next_ls_erts-15.2_0.23.4/bin:/home/ongera/.local/share/nvim/mason/bin:/home/ongera/.local/share/pnpm:/home/ongera/.asdf/shims:/home/ongera/Downloads/asdf-0.17.0/bin:/home/ongera/.local/bin:/snap/bin:/home/ongera/.local/bin:/snap/bin:/home/ongera/.local/bin:/snap/bin:/home/ongera/.local/bin:/snap/bin:/usr/local/sbin:/usr/sbin:/sbin:/usr/local/sbin:/usr/local/bin:/usr/sbin:/usr/bin:/snap/bin


12:35:20.125 [debug] sent notification server -> client window/logMessage

12:35:20.126 [info] The runtime for pandex has successfully shut down.

12:35:20.126 id=290 [debug] sent request server -> client window/showMessageRequest

12:36:53.567 [debug] sent notification server -> client window/logMessage

12:36:53.567 [info] Not running `mix deps.get`

12:37:44.989 [debug] handled notification client -> server textDocument/didChange in 11ms

12:37:46.751 [debug] handled notification client -> server textDocument/didChange in 1ms

12:37:46.887 [debug] handled notification client -> server textDocument/didChange in 841µs

12:37:49.764 [debug] handled notification client -> server textDocument/didChange in 1ms

12:37:49.932 [debug] handled notification client -> server textDocument/didChange in 1ms

12:37:50.179 [debug] handled notification client -> server textDocument/didChange in 1ms

12:37:50.379 [debug] handled notification client -> server textDocument/didChange in 814µs

12:37:50.836 id=2 [debug] handled request client -> server textDocument/completion in 1069ms

12:37:50.916 [debug] handled notification client -> server textDocument/didChange in 666µs

12:37:55.190 [debug] handled notification client -> server textDocument/didChange in 1ms

12:37:55.462 [debug] handled notification client -> server textDocument/didChange in 1ms

12:37:55.652 [debug] handled notification client -> server textDocument/didChange in 1ms

12:37:55.800 [debug] handled notification client -> server textDocument/didChange in 727µs

12:37:55.950 [debug] handled notification client -> server textDocument/didChange in 734µs

12:37:56.100 [debug] handled notification client -> server textDocument/didChange in 845µs

12:37:56.250 [debug] handled notification client -> server textDocument/didChange in 997µs

12:37:56.549 [debug] handled notification client -> server textDocument/didChange in 702µs

12:37:57.551 id=3 [debug] handled request client -> server textDocument/completion in 1001ms

12:37:59.746 [debug] handled notification client -> server textDocument/didChange in 942µs

12:38:00.751 id=4 [debug] handled request client -> server textDocument/completion in 1001ms

12:38:01.172 [debug] handled notification client -> server textDocument/didChange in 860µs

12:38:03.514 [debug] handled notification client -> server textDocument/didChange in 904µs

12:38:07.347 [debug] handled notification client -> server textDocument/didChange in 904µs

12:38:07.495 [debug] handled notification client -> server textDocument/didChange in 696µs

12:38:15.862 [debug] handled notification client -> server textDocument/didChange in 1ms

12:38:16.120 [debug] handled notification client -> server textDocument/didChange in 1ms

12:38:16.273 [debug] handled notification client -> server textDocument/didChange in 1ms

12:38:16.422 [debug] handled notification client -> server textDocument/didChange in 1ms

12:38:16.878 id=5 [debug] handled request client -> server textDocument/completion in 1014ms

12:38:17.377 [debug] handled notification client -> server textDocument/didChange in 1ms

12:38:20.022 [debug] handled notification client -> server textDocument/didChange in 1ms

12:38:20.027 [debug] handled notification client -> server textDocument/didChange in 1ms

12:38:20.054 [debug] sent notification server -> client window/logMessage

12:38:20.054 [warning] Failed to run completion request: ** (FunctionClauseError) no function clause matching in Spitfire.parse_kw_identifier/1
    (spitfire 0.1.0) lib/spitfire.ex:515: Spitfire.parse_kw_identifier(%{tokens: [{:")", {13, 25, nil}}, :eof], literal_encoder: nil, errors: [], current_token: {:paren_identifier, {13, 14, nil}, :__cursor__}, fuel: 150, peek_token: {:"(", {13, 24, nil}}, nesting: 1})
    (spitfire 0.1.0) lib/spitfire/while.ex:5: Spitfire.While2.recurse/3
    (spitfire 0.1.0) lib/spitfire/while.ex:10: Spitfire.While2.recurse/3
    (spitfire 0.1.0) lib/spitfire.ex:547: Spitfire.parse_bracketless_kw_list/1
    (spitfire 0.1.0) lib/spitfire.ex:293: Spitfire.parse_expression/6
    (spitfire 0.1.0) lib/spitfire/while.ex:5: Spitfire.While2.recurse/3
    (spitfire 0.1.0) lib/spitfire.ex:1890: Spitfire.parse_identifier/1
    (spitfire 0.1.0) lib/spitfire.ex:293: Spitfire.parse_expression/6


12:38:20.054 id=6 [debug] handled request client -> server textDocument/completion in 27ms

12:38:21.875 [debug] handled notification client -> server textDocument/didChange in 1ms

12:38:26.380 [debug] handled notification client -> server textDocument/didSave in 10ms

14:55:37.565 [debug] handled notification client -> server textDocument/didChange in 1ms

14:55:38.003 [debug] handled notification client -> server textDocument/didChange in 2ms

14:55:39.409 [debug] handled notification client -> server textDocument/didChange in 1ms

14:55:42.632 [debug] handled notification client -> server textDocument/didChange in 1ms

14:55:43.140 [debug] handled notification client -> server textDocument/didChange in 1ms

14:55:43.443 [debug] handled notification client -> server textDocument/didChange in 2ms

14:55:43.592 [debug] handled notification client -> server textDocument/didChange in 1ms

14:55:43.638 id=7 [debug] handled request client -> server textDocument/completion in 1003ms

14:55:49.512 [debug] handled notification client -> server textDocument/didSave in 2ms

14:55:54.972 [debug] handled notification client -> server textDocument/didChange in 1ms

14:55:56.884 [debug] handled notification client -> server textDocument/didChange in 1ms

14:55:59.658 [debug] handled notification client -> server textDocument/didSave in 2ms

15:03:01.798 [debug] handled notification client -> server textDocument/didSave in 2ms

15:03:07.065 [debug] handled notification client -> server textDocument/didOpen in 1ms

15:03:44.256 [debug] handled notification client -> server textDocument/didOpen in 813µs

15:03:54.696 [debug] handled notification client -> server textDocument/didOpen in 2ms

15:04:08.075 id=8 [debug] handled request client -> server shutdown in 4ms
